d_c99_init.c(24): error: too many initializers [174]
d_c99_init.c(64): error: cannot initialize 'pointer to const void' from 'struct any' [185]
d_c99_init.c(81): error: too many array initializers, expected 3 [173]
d_c99_init.c(139): error: too many struct/union initializers [172]
d_c99_init.c(145): error: syntax error 'designator '.member' is only for struct/union' [249]
d_c99_init.c(218): error: array subscript cannot be > 2: 3 [168]
d_c99_init.c(220): error: array subscript cannot be > 4: 5 [168]
d_c99_init.c(222): error: array subscript cannot be > 1: 2 [168]
d_c99_init.c(231): error: too many struct/union initializers [172]
d_c99_init.c(237): warning: illegal combination of integer (char) and pointer (pointer to char) [183]
d_c99_init.c(331): error: negative array dimension (-8) [20]
d_c99_init.c(333): error: negative array dimension (-12) [20]
d_c99_init.c(386): error: duplicate case in switch: 0 [199]
d_c99_init.c(394): error: negative array dimension (-12) [20]
d_c99_init.c(398): error: type 'struct point' does not have member 'r' [101]
d_c99_init.c(405): error: type 'struct point' does not have member 'r' [101]
d_c99_init.c(412): error: type 'struct point' does not have member 'r' [101]
d_c99_init.c(421): error: type 'union value' does not have member 'unknown_value' [101]
d_c99_init.c(427): error: type 'union value' does not have member 'unknown_value' [101]
d_c99_init.c(431): error: syntax error 'designator '[...]' is only for arrays' [249]
d_c99_init.c(436): error: type 'struct point' does not have member 'member' [101]
d_c99_init.c(441): error: syntax error 'scalar type cannot use designator' [249]
d_c99_init.c(448): warning: structure has no named members [65]
d_c99_init.c(448): error: cannot initialize struct/union with no named member [179]
d_c99_init.c(456): warning: union has no named members [65]
d_c99_init.c(456): error: cannot initialize struct/union with no named member [179]
d_c99_init.c(461): error: syntax error 'scalar type cannot use designator' [249]
d_c99_init.c(465): error: syntax error 'scalar type cannot use designator' [249]
d_c99_init.c(469): error: syntax error 'designator '[...]' is only for arrays' [249]
