d_fold_test.c(61): error: controlling expressions must have scalar type [204]
d_fold_test.c(61): warning: argument 's' unused in function 'if_struct' [231]
d_fold_test.c(64): error: controlling expressions must have scalar type [204]
d_fold_test.c(64): warning: argument 'u' unused in function 'if_union' [231]
d_fold_test.c(71): error: controlling expressions must have scalar type [204]
d_fold_test.c(71): warning: argument 's' unused in function 'while_struct' [231]
d_fold_test.c(75): error: controlling expressions must have scalar type [204]
d_fold_test.c(75): warning: end-of-loop code not reached [223]
d_fold_test.c(75): warning: argument 's' unused in function 'for_struct' [231]
d_fold_test.c(78): error: controlling expressions must have scalar type [204]
d_fold_test.c(78): warning: argument 's' unused in function 'do_while_struct' [231]
d_fold_test.c(84): error: first operand must have scalar type, op ? : [170]
d_fold_test.c(84): warning: function 'conditional_struct' expects to return value [214]
d_fold_test.c(84): warning: argument 's' unused in function 'conditional_struct' [231]
