decl_arg.c(33): error: only register valid as formal parameter storage class [9]
decl_arg.c(33): warning: empty declaration [2]
decl_arg.c(35): error: syntax error '"' [249]
decl_arg.c(37): warning: empty declaration [2]
decl_arg.c(39): error: declared argument undeclared is missing [53]
decl_arg.c(42): error: declared argument undeclared_initialized is missing [53]
decl_arg.c(42): error: cannot initialize parameter: undeclared_initialized [52]
decl_arg.c(44): warning: empty declaration [2]
decl_arg.c(46): warning: 'struct arg_struct' declared in argument declaration list [3]
decl_arg.c(48): error: cannot initialize parameter: an_int [52]
decl_arg.c(53): warning: 'struct a_struct' declared in argument declaration list [3]
decl_arg.c(30): warning: argument 'an_int' unused in function 'old_style' [231]
decl_arg.c(30): warning: argument 'a_const_int' unused in function 'old_style' [231]
decl_arg.c(30): warning: argument 'a_number' unused in function 'old_style' [231]
decl_arg.c(30): warning: argument 'a_function' unused in function 'old_style' [231]
decl_arg.c(30): warning: argument 'a_struct' unused in function 'old_style' [231]
decl_arg.c(64): error: declared argument name is missing [53]
decl_arg.c(66): error: declared argument parenthesized_name is missing [53]
decl_arg.c(68): error: declared argument array is missing [53]
decl_arg.c(70): error: declared argument array_size is missing [53]
decl_arg.c(73): error: null dimension [17]
decl_arg.c(73): error: declared argument multi_array is missing [53]
decl_arg.c(75): error: declared argument function is missing [53]
decl_arg.c(77): error: declared argument prefix_attribute is missing [53]
decl_arg.c(79): error: declared argument postfix_attribute is missing [53]
decl_arg.c(81): error: declared argument infix_attribute is missing [53]
decl_arg.c(90): error: declared argument pointer_prefix_attribute is missing [53]
decl_arg.c(119): error: only register valid as formal parameter storage class [9]
