init.c(16): error: empty array declaration: empty_array_with_initializer [190]
init.c(78): error: initialization of incomplete type 'incomplete struct incomplete_struct' [175]
init.c(81): error: 's1' has incomplete type 'incomplete struct incomplete_struct' [31]
init.c(84): error: initialization of incomplete type 'incomplete struct incomplete_struct' [175]
init.c(87): error: 's2' has incomplete type 'incomplete struct incomplete_struct' [31]
init.c(95): error: initialization of incomplete type 'incomplete union incomplete_union' [175]
init.c(98): error: 'u1' has incomplete type 'incomplete union incomplete_union' [31]
init.c(101): error: initialization of incomplete type 'incomplete union incomplete_union' [175]
init.c(104): error: 'u2' has incomplete type 'incomplete union incomplete_union' [31]
init.c(112): warning: cannot initialize extern declaration: extern_var [26]
init.c(117): error: illegal storage class [8]
init.c(119): error: cannot initialize typedef: typedef_var [25]
init.c(115): warning: static variable 'static_var' unused [226]
