msg_019.c(6): error: void type for 'global_variable' [19]
msg_019.c(8): error: void type for 'unit_variable' [19]
msg_019.c(11): error: void parameter cannot have name: parameter [61]
msg_019.c(13): error: void type for 'local_variable' [19]
msg_019.c(11): warning: argument 'parameter' unused in function 'function' [231]
msg_019.c(8): warning: static variable 'unit_variable' unused [226]
