msg_031.c(20): error: '<unnamed>' has incomplete type 'incomplete struct incomplete' [31]
msg_031.c(10): warning: struct 'incomplete' never defined [233]
msg_031.c(16): error: 'incomplete_var' has incomplete type 'incomplete struct incomplete' [31]
